[Licensing::Module] Trying to connect to existing licensing client channel...
Built from '6000.3/respin/6000.3.6f1-732c1ec89f18' branch; Version is '6000.3.6f1 (bbb010bdb8a3) revision 12300304'; Using compiler version '194234433'; Build Type 'Release'
OS: 'Windows 11  (10.0.26200) CoreSingleLanguage' Language: 'en' Physical Memory: 24260 MB
[Licensing::IpcConnector] Successfully connected to: "LicenseClient-Sarthak" at "2026-01-30T07:42:28.9685401Z"
BatchMode: 1, IsHumanControllingUs: 0, StartBugReporterOnCrash: 0, Is64bit: 1
System  architecture: x64
Process architecture: x64
Date: 2026-01-30T07:42:28Z

COMMAND LINE ARGUMENTS:
C:\Program Files\Unity\Hub\Editor\6000.3.6f1\Editor\Unity.exe
-adb2
-batchMode
-noUpm
-name
AssetImportWorker1
-projectPath
D:/softwares/Unity/manual-override/manual-override
-logFile
Logs/AssetImportWorker1.log
-srvPort
58609
-job-worker-count
7
-background-job-worker-count
8
-gc-helper-count
1
-name
AssetImport
Successfully changed project path to: D:/softwares/Unity/manual-override/manual-override
D:/softwares/Unity/manual-override/manual-override
[UnityMemory] Configuration Parameters - Can be set up in boot.config
    "memorysetup-temp-allocator-size-nav-mesh-worker=65536"
    "memorysetup-temp-allocator-size-audio-worker=65536"
    "memorysetup-temp-allocator-size-gfx=262144"
    "memorysetup-allocator-temp-initial-block-size-main=262144"
    "memorysetup-allocator-temp-initial-block-size-worker=262144"
    "memorysetup-temp-allocator-size-background-worker=32768"
    "memorysetup-temp-allocator-size-job-worker=262144"
    "memorysetup-temp-allocator-size-preload-manager=33554432"
    "memorysetup-temp-allocator-size-gi-baking-worker=262144"
    "memorysetup-temp-allocator-size-gi-baking-worker=262144"
    "memorysetup-temp-allocator-size-gi-baking-worker=262144"
    "memorysetup-temp-allocator-size-gi-baking-worker=262144"
    "memorysetup-temp-allocator-size-gi-baking-worker=262144"
    "memorysetup-bucket-allocator-granularity=16"
    "memorysetup-bucket-allocator-bucket-count=8"
    "memorysetup-bucket-allocator-block-size=33554432"
    "memorysetup-bucket-allocator-block-count=8"
    "memorysetup-main-allocator-block-size=16777216"
    "memorysetup-thread-allocator-block-size=16777216"
    "memorysetup-gfx-main-allocator-block-size=16777216"
    "memorysetup-gfx-thread-allocator-block-size=16777216"
    "memorysetup-cache-allocator-block-size=4194304"
    "memorysetup-typetree-allocator-block-size=2097152"
    "memorysetup-profiler-bucket-allocator-granularity=16"
    "memorysetup-profiler-bucket-allocator-bucket-count=8"
    "memorysetup-profiler-bucket-allocator-block-size=33554432"
    "memorysetup-profiler-bucket-allocator-block-count=8"
    "memorysetup-profiler-allocator-block-size=16777216"
    "memorysetup-profiler-editor-allocator-block-size=1048576"
    "memorysetup-temp-allocator-size-main=16777216"
    "memorysetup-job-temp-allocator-block-size=2097152"
    "memorysetup-job-temp-allocator-block-size-background=1048576"
    "memorysetup-job-temp-allocator-reduction-small-platforms=262144"
    "memorysetup-temp-allocator-size-cloud-worker=32768"
Player connection [27636]  Target information:

Player connection [27636]  * "[IP] 10.81.67.236 [Port] 0 [Flags] 2 [Guid] 3965399758 [EditorId] 3965399758 [Version] 1048832 [Id] WindowsEditor(7,DESKTOP-UQ81JR2) [Debug] 1 [PackageName] WindowsEditor [ProjectName] Editor" 

Player connection [27636] Host joined multi-casting on [225.0.0.222:54997]...
Player connection [27636] Host joined alternative multi-casting on [225.0.0.222:34997]...
JobSystem: Creating JobQueue using job-worker-count value 7
Input System module state changed to: Initialized.
[Physics::Module] Initialized fallback backend.
[Physics::Module] Id: 0xdecafbad
Library Redirect Path: Library/
[Physics::Module] Selected backend.
[Physics::Module] Name: PhysX
[Physics::Module] Id: 0xf2b8ea05
[Physics::Module] SDK Version: 4.1.2
[Physics::Module] Integration Version: 1.0.0
[Physics::Module] Threading Mode: Multi-Threaded
Refreshing native plugins compatible for Editor in 3.14 ms, found 4 plugins.
Preloading 0 native plugins for Editor in 0.00 ms.
Initialize engine version: 6000.3.6f1 (bbb010bdb8a3)
[Subsystems] Discovering subsystems at path C:/Program Files/Unity/Hub/Editor/6000.3.6f1/Editor/Data/Resources/UnitySubsystems
[Subsystems] Discovering subsystems at path D:/softwares/Unity/manual-override/manual-override/Assets
GfxDevice: creating device client; kGfxThreadingModeNonThreaded
Direct3D:
    Version:  Direct3D 11.0 [level 11.1]
    Renderer: NVIDIA GeForce RTX 4050 Laptop GPU (ID=0x28e1)
    Vendor:   NVIDIA
    VRAM:     5921 MB
    Driver:   32.0.15.8104
Initialize mono
Mono path[0] = 'C:/Program Files/Unity/Hub/Editor/6000.3.6f1/Editor/Data/Managed'
Mono path[1] = 'C:/Program Files/Unity/Hub/Editor/6000.3.6f1/Editor/Data/MonoBleedingEdge/lib/mono/unityjit-win32'
Mono config path = 'C:/Program Files/Unity/Hub/Editor/6000.3.6f1/Editor/Data/MonoBleedingEdge/etc'
Using monoOptions --debugger-agent=transport=dt_socket,embedding=1,server=y,suspend=n,address=127.0.0.1:56968
Begin MonoManager ReloadAssembly
Registering precompiled unity dll's ...
Register platform support module: C:/Program Files/Unity/Hub/Editor/6000.3.6f1/Editor/Data/PlaybackEngines/WindowsStandaloneSupport/UnityEditor.WindowsStandalone.Extensions.dll
Registered in 0.001921 seconds.
- Loaded All Assemblies, in  0.420 seconds
Native extension for WindowsStandalone target not found
ScheduleIndexationOnStartup MainProcess:False IndexOnStartup:True
Mono: successfully reloaded assembly
- Finished resetting the current domain, in  0.460 seconds
Domain Reload Profiling: 878ms
	BeginReloadAssembly (131ms)
		ExecutionOrderSort (0ms)
		DisableScriptedObjects (0ms)
		BackupInstance (0ms)
		ReleaseScriptingObjects (0ms)
		CreateAndSetChildDomain (1ms)
	RebuildCommonClasses (38ms)
	RebuildNativeTypeToScriptingClass (12ms)
	initialDomainReloadingComplete (50ms)
	LoadAllAssembliesAndSetupDomain (187ms)
		LoadAssemblies (128ms)
		RebuildTransferFunctionScriptingTraits (0ms)
		AnalyzeDomain (184ms)
			TypeCache.Refresh (182ms)
				TypeCache.ScanAssembly (167ms)
			BuildScriptInfoCaches (0ms)
			ResolveRequiredComponents (0ms)
	FinalizeReload (460ms)
		ReleaseScriptCaches (0ms)
		RebuildScriptCaches (0ms)
		SetupLoadedEditorAssemblies (411ms)
			LogAssemblyErrors (0ms)
			InitializePlatformSupportModulesInManaged (51ms)
			SetLoadedEditorAssemblies (4ms)
			BeforeProcessingInitializeOnLoad (95ms)
			ProcessInitializeOnLoadAttributes (182ms)
			ProcessInitializeOnLoadMethodAttributes (79ms)
			AfterProcessingInitializeOnLoad (0ms)
			EditorAssembliesLoaded (0ms)
		ExecutionOrderSort2 (0ms)
		AwakeInstancesAfterBackupRestoration (0ms)
========================================================================
Worker process is ready to serve import requests
Import Worker Mode flag is 0x00
Begin MonoManager ReloadAssembly
[Licensing::Module] Licensing is not yet initialized.
[Licensing::Client] Handshaking with LicensingClient:
  Version:                 1.17.4+4293ba1
  Session Id:              754ed8324db94105b7290ab3f18bf9f6
  Correlation Id:          082d8e9d1383c10d1c7537e0f4a35b71
  External correlation Id: 2350715974087969525
  Machine Id:              LrpBYmJ8IDeWWfNgWjuzXwrELtQ=
[Licensing::Module] Successfully connected to LicensingClient on channel: "LicenseClient-Sarthak" (connect: 0.00s, validation: 0.00s, handshake: 1.94s)
[Licensing::IpcConnector] Successfully connected to: "LicenseClient-Sarthak-notifications" at "2026-01-30T07:42:30.9119987Z"
[Licensing::Module] Licensing Background thread has ended after 1.94s
[Licensing::Module] Licensing is initialized (took 0.20s).
[Licensing::Client] Successfully resolved entitlement details
[Licensing::Module] License group:
  Id: 13469239773411-UnityPersXXXX
  Product: Unity Personal
  Type: Assigned
  Expiration: Unlimited

=================================================================
	Native Crash Reporting
=================================================================
Got a UNKNOWN while executing native code. This usually indicates
a fatal error in the mono runtime or one of the native libraries 
used by your application.
=================================================================

=================================================================
	Managed Stacktrace:
=================================================================
=================================================================
Crash!!!
SymInit: Symbol-SearchPath: 'C:/Program Files/Unity/Hub/Editor/6000.3.6f1/Editor/Data/Mono;.;D:\softwares\Unity\manual-override\manual-override;D:\softwares\Unity\manual-override\manual-override\Library\BurstCache\JIT;C:\Program Files\Unity\Hub\Editor\6000.3.6f1\Editor;C:\WINDOWS;C:\WINDOWS\system32;', symOptions: 534, UserName: 'Sarthak'
OS-Version: 10.0.0
C:\Program Files\Unity\Hub\Editor\6000.3.6f1\Editor\Unity.exe:Unity.exe (00007FF634A80000), size: 290816 (result: 0), SymType: '-deferred-', PDB: '', fileVersion: 6000.3.6.45072
C:\WINDOWS\SYSTEM32\ntdll.dll:ntdll.dll (00007FFDB5660000), size: 2519040 (result: 0), SymType: '-deferred-', PDB: '', fileVersion: 10.0.26100.7623
C:\WINDOWS\System32\KERNEL32.DLL:KERNEL32.DLL (00007FFDB38D0000), size: 823296 (result: 0), SymType: '-deferred-', PDB: '', fileVersion: 10.0.26100.7623
C:\WINDOWS\System32\KERNELBASE.dll:KERNELBASE.dll (00007FFDB2DF0000), size: 4124672 (result: 8), SymType: '-unknown-', PDB: '', fileVersion: 10.0.26100.7623
C:\WINDOWS\System32\USER32.dll:USER32.dll (00007FFDB3700000), size: 1855488 (result: 8), SymType: '-unknown-', PDB: '', fileVersion: 10.0.26100.7623
C:\WINDOWS\System32\win32u.dll:win32u.dll (00007FFDB33D0000), size: 159744 (result: 0), SymType: '-deferred-', PDB: '', fileVersion: 10.0.26100.7623
C:\WINDOWS\System32\GDI32.dll:GDI32.dll (00007FFDB55F0000), size: 176128 (result: 0), SymType: '-deferred-', PDB: '', fileVersion: 10.0.26100.7309
C:\WINDOWS\System32\gdi32full.dll:gdi32full.dll (00007FFDB31F0000), size: 1228800 (result: 0), SymType: '-deferred-', PDB: '', fileVersion: 10.0.26100.7309
C:\WINDOWS\System32\msvcp_win.dll:msvcp_win.dll (00007FFDB3320000), size: 667648 (result: 0), SymType: '-deferred-', PDB: '', fileVersion: 10.0.26100.7623
C:\WINDOWS\System32\ucrtbase.dll:ucrtbase.dll (00007FFDB2B30000), size: 1355776 (result: 0), SymType: '-deferred-', PDB: '', fileVersion: 10.0.26100.7623
C:\WINDOWS\System32\IMM32.DLL:IMM32.DLL (00007FFDB3F60000), size: 200704 (result: 0), SymType: '-deferred-', PDB: '', fileVersion: 10.0.26100.7309
C:\Program Files\Unity\Hub\Editor\6000.3.6f1\Editor\Unity.dll:Unity.dll (00007FFCD7260000), size: 91770880 (result: 0), SymType: '-deferred-', PDB: '', fileVersion: 6000.3.6.45072
C:\WINDOWS\System32\CRYPT32.dll:CRYPT32.dll (00007FFDB29B0000), size: 1536000 (result: 0), SymType: '-deferred-', PDB: '', fileVersion: 10.0.26100.7309
C:\WINDOWS\System32\ADVAPI32.dll:ADVAPI32.dll (00007FFDB35C0000), size: 737280 (result: 0), SymType: '-deferred-', PDB: '', fileVersion: 10.0.26100.7309
C:\WINDOWS\System32\msvcrt.dll:msvcrt.dll (00007FFDB3510000), size: 692224 (result: 0), SymType: '-deferred-', PDB: '', fileVersion: 7.0.26100.7623
C:\Program Files\Unity\Hub\Editor\6000.3.6f1\Editor\libfbxsdk.dll:libfbxsdk.dll (00007FFCDED80000), size: 8019968 (result: 0), SymType: '-deferred-', PDB: '', fileVersion: 2020.3.7.0
C:\WINDOWS\System32\sechost.dll:sechost.dll (00007FFDB4140000), size: 679936 (result: 0), SymType: '-deferred-', PDB: '', fileVersion: 10.0.26100.7623
C:\Program Files\Unity\Hub\Editor\6000.3.6f1\Editor\etccompress.dll:etccompress.dll (00007FFCECDC0000), size: 5070848 (result: 0), SymType: '-deferred-', PDB: ''
C:\Program Files\Unity\Hub\Editor\6000.3.6f1\Editor\s3tcompress.dll:s3tcompress.dll (00007FFCEF250000), size: 180224 (result: 0), SymType: '-deferred-', PDB: ''
C:\WINDOWS\System32\RPCRT4.dll:RPCRT4.dll (00007FFDB3D40000), size: 1146880 (result: 0), SymType: '-deferred-', PDB: '', fileVersion: 10.0.26100.7623
C:\Program Files\Unity\Hub\Editor\6000.3.6f1\Editor\ispc_texcomp.dll:ispc_texcomp.dll (00007FFCEF090000), size: 1826816 (result: 0), SymType: '-deferred-', PDB: ''
C:\Program Files\Unity\Hub\Editor\6000.3.6f1\Editor\compress_bc7e.dll:compress_bc7e.dll (00007FFCEEF30000), size: 1433600 (result: 0), SymType: '-deferred-', PDB: ''
C:\WINDOWS\System32\ole32.dll:ole32.dll (00007FFDB5450000), size: 1667072 (result: 0), SymType: '-deferred-', PDB: '', fileVersion: 10.0.26100.7462
C:\Program Files\Unity\Hub\Editor\6000.3.6f1\Editor\FreeImage.dll:FreeImage.dll (0000000180000000), size: 5783552 (result: 0), SymType: '-deferred-', PDB: '', fileVersion: 3.18.0.0
C:\WINDOWS\System32\WS2_32.dll:WS2_32.dll (00007FFDB4820000), size: 475136 (result: 0), SymType: '-deferred-', PDB: '', fileVersion: 10.0.26100.7623
C:\WINDOWS\System32\combase.dll:combase.dll (00007FFDB39A0000), size: 3694592 (result: 0), SymType: '-deferred-', PDB: '', fileVersion: 10.0.26100.7623
C:\Program Files\Unity\Hub\Editor\6000.3.6f1\Editor\WinPixEventRuntime.dll:WinPixEventRuntime.dll (00007FFD73120000), size: 57344 (result: 0), SymType: '-deferred-', PDB: '', fileVersion: 1.0.2403.8001
C:\Program Files\Unity\Hub\Editor\6000.3.6f1\Editor\umbraoptimizer64.dll:umbraoptimizer64.dll (00007FFCEEE00000), size: 1187840 (result: 0), SymType: '-deferred-', PDB: ''
C:\WINDOWS\System32\SETUPAPI.dll:SETUPAPI.dll (00007FFDB4250000), size: 4759552 (result: 0), SymType: '-deferred-', PDB: '', fileVersion: 10.0.26100.7309
C:\WINDOWS\System32\SHELL32.dll:SHELL32.dll (00007FFDB48A0000), size: 7680000 (result: 0), SymType: '-deferred-', PDB: '', fileVersion: 10.0.26100.7623
C:\WINDOWS\SYSTEM32\VCRUNTIME140.dll:VCRUNTIME140.dll (00007FFD8E3D0000), size: 122880 (result: 0), SymType: '-deferred-', PDB: '', fileVersion: 14.44.35211.0
C:\WINDOWS\System32\wintypes.dll:wintypes.dll (00007FFDB2C80000), size: 1482752 (result: 0), SymType: '-deferred-', PDB: '', fileVersion: 10.0.26100.7623
C:\WINDOWS\SYSTEM32\MSVCP140.dll:MSVCP140.dll (00007FFCEED70000), size: 561152 (result: 8), SymType: '-unknown-', PDB: '', fileVersion: 14.44.35211.0
C:\WINDOWS\System32\SHLWAPI.dll:SHLWAPI.dll (00007FFDB34A0000), size: 417792 (result: 0), SymType: '-deferred-', PDB: '', fileVersion: 10.0.26100.7309
C:\WINDOWS\SYSTEM32\VCRUNTIME140_1.dll:VCRUNTIME140_1.dll (00007FFD729C0000), size: 49152 (result: 0), SymType: '-deferred-', PDB: '', fileVersion: 14.44.35211.0
C:\WINDOWS\System32\OLEAUT32.dll:OLEAUT32.dll (00007FFDB4060000), size: 876544 (result: 0), SymType: '-deferred-', PDB: '', fileVersion: 10.0.26100.7309
C:\WINDOWS\WinSxS\amd64_microsoft.windows.common-controls_6595b64144ccf1df_6.0.26100.7309_none_3e05feeae336a044\COMCTL32.dll:COMCTL32.dll (00007FFD90340000), size: 2699264 (result: 0), SymType: '-deferred-', PDB: '', fileVersion: 6.10.26100.7309
C:\WINDOWS\System32\WINTRUST.dll:WINTRUST.dll (00007FFDB27B0000), size: 524288 (result: 0), SymType: '-deferred-', PDB: '', fileVersion: 10.0.26100.7309
C:\WINDOWS\SYSTEM32\bcrypt.dll:bcrypt.dll (00007FFDB26A0000), size: 172032 (result: 0), SymType: '-deferred-', PDB: '', fileVersion: 10.0.26100.7623
C:\WINDOWS\SYSTEM32\d3d11.dll:d3d11.dll (00007FFDAE4E0000), size: 2498560 (result: 0), SymType: '-deferred-', PDB: '', fileVersion: 10.0.26100.7309
C:\WINDOWS\SYSTEM32\d3d12.dll:d3d12.dll (00007FFD30920000), size: 143360 (result: 0), SymType: '-deferred-', PDB: '', fileVersion: 10.0.26100.7309
C:\WINDOWS\SYSTEM32\dxgi.dll:dxgi.dll (00007FFDAF760000), size: 1290240 (result: 0), SymType: '-deferred-', PDB: '', fileVersion: 10.0.26100.7309
C:\WINDOWS\SYSTEM32\dwmapi.dll:dwmapi.dll (00007FFDAF8E0000), size: 196608 (result: 8), SymType: '-unknown-', PDB: '', fileVersion: 10.0.26100.7309
C:\WINDOWS\SYSTEM32\IPHLPAPI.DLL:IPHLPAPI.DLL (00007FFDB0FE0000), size: 212992 (result: 8), SymType: '-unknown-', PDB: '', fileVersion: 10.0.26100.7309
C:\WINDOWS\SYSTEM32\HID.DLL:HID.DLL (00007FFDB0BF0000), size: 61440 (result: 0), SymType: '-deferred-', PDB: '', fileVersion: 10.0.26100.1150
C:\WINDOWS\SYSTEM32\OPENGL32.dll:OPENGL32.dll (00007FFD97330000), size: 1114112 (result: 0), SymType: '-deferred-', PDB: '', fileVersion: 10.0.26100.7309
C:\WINDOWS\SYSTEM32\WINHTTP.dll:WINHTTP.dll (00007FFDAB860000), size: 1212416 (result: 0), SymType: '-deferred-', PDB: '', fileVersion: 10.0.26100.7462
C:\WINDOWS\SYSTEM32\WINMM.dll:WINMM.dll (00007FFDA5A70000), size: 217088 (result: 0), SymType: '-deferred-', PDB: '', fileVersion: 10.0.26100.7309
C:\WINDOWS\SYSTEM32\GLU32.dll:GLU32.dll (00007FFD96940000), size: 184320 (result: 8), SymType: '-unknown-', PDB: '', fileVersion: 10.0.26100.1150
C:\Program Files\Unity\Hub\Editor\6000.3.6f1\Editor\SketchUpAPI.dll:SketchUpAPI.dll (00007FFCDE4E0000), size: 8990720 (result: 0), SymType: '-deferred-', PDB: '', fileVersion: 23.0.0.0
C:\WINDOWS\SYSTEM32\VERSION.dll:VERSION.dll (00007FFDAC010000), size: 45056 (result: 0), SymType: '-deferred-', PDB: '', fileVersion: 10.0.26100.1150
C:\Program Files\Unity\Hub\Editor\6000.3.6f1\Editor\NativeProxyHelper.dll:NativeProxyHelper.dll (00007FFCEBC50000), size: 1789952 (result: 0), SymType: '-deferred-', PDB: ''
C:\WINDOWS\SYSTEM32\WSOCK32.dll:WSOCK32.dll (00007FFD8F420000), size: 40960 (result: 0), SymType: '-deferred-', PDB: '', fileVersion: 10.0.26100.1
C:\WINDOWS\SYSTEM32\powrprof.dll:powrprof.dll (00007FFDB2610000), size: 385024 (result: 0), SymType: '-deferred-', PDB: '', fileVersion: 10.0.26100.3912
C:\Program Files\Unity\Hub\Editor\6000.3.6f1\Editor\SketchUpCommonPreferences.dll:SketchUpCommonPreferences.dll (00007FFCEECF0000), size: 499712 (result: 0), SymType: '-deferred-', PDB: '', fileVersion: 23.0.0.0
C:\WINDOWS\SYSTEM32\Secur32.dll:Secur32.dll (00007FFDAF4A0000), size: 53248 (result: 0), SymType: '-deferred-', PDB: '', fileVersion: 10.0.26100.1
C:\WINDOWS\SYSTEM32\dxcore.dll:dxcore.dll (00007FFDAF710000), size: 278528 (result: 0), SymType: '-deferred-', PDB: '', fileVersion: 10.0.26100.7309
C:\WINDOWS\SYSTEM32\SSPICLI.DLL:SSPICLI.DLL (00007FFDB1800000), size: 299008 (result: 0), SymType: '-deferred-', PDB: '', fileVersion: 10.0.26100.7309
C:\Program Files\Unity\Hub\Editor\6000.3.6f1\Editor\OpenRL.dll:OpenRL.dll (000001EF2BD40000), size: 12779520 (result: 0), SymType: '-deferred-', PDB: '', fileVersion: 1.5.0.2907
C:\Program Files\Unity\Hub\Editor\6000.3.6f1\Editor\embree.dll:embree.dll (00007FFCDD4F0000), size: 16711680 (result: 0), SymType: '-deferred-', PDB: '', fileVersion: 2.14.0.0
C:\WINDOWS\SYSTEM32\MSVCP100.dll:MSVCP100.dll (0000000074660000), size: 622592 (result: 0), SymType: '-deferred-', PDB: '', fileVersion: 10.0.40219.325
C:\WINDOWS\SYSTEM32\MSVCR100.dll:MSVCR100.dll (0000000074580000), size: 860160 (result: 0), SymType: '-deferred-', PDB: '', fileVersion: 10.0.40219.325
C:\Program Files\Unity\Hub\Editor\6000.3.6f1\Editor\tbb.dll:tbb.dll (00007FFCEECA0000), size: 303104 (result: 0), SymType: '-deferred-', PDB: '', fileVersion: 2020.3.2022.1111
C:\WINDOWS\SYSTEM32\cfgmgr32.DLL:cfgmgr32.DLL (00007FFDB2340000), size: 356352 (result: 0), SymType: '-deferred-', PDB: '', fileVersion: 10.0.26100.7309
C:\WINDOWS\SYSTEM32\MSWSOCK.DLL:MSWSOCK.DLL (00007FFDB1AD0000), size: 438272 (result: 0), SymType: '-deferred-', PDB: '', fileVersion: 10.0.26100.7309
C:\Program Files\Unity\Hub\Editor\6000.3.6f1\Editor\OpenRL_pthread.dll:OpenRL_pthread.dll (000001EF2A680000), size: 61440 (result: 0), SymType: '-deferred-', PDB: '', fileVersion: 2.9.0.0
C:\WINDOWS\SYSTEM32\UMPDC.dll:UMPDC.dll (00007FFDB25F0000), size: 81920 (result: 0), SymType: '-deferred-', PDB: '', fileVersion: 10.0.26100.7019
C:\WINDOWS\SYSTEM32\MSASN1.dll:MSASN1.dll (00007FFDB1E00000), size: 77824 (result: 0), SymType: '-deferred-', PDB: '', fileVersion: 10.0.26100.7623
C:\WINDOWS\System32\bcryptprimitives.dll:bcryptprimitives.dll (00007FFDB2840000), size: 675840 (result: 0), SymType: '-deferred-', PDB: '', fileVersion: 10.0.26100.7623
C:\WINDOWS\SYSTEM32\kernel.appcore.dll:kernel.appcore.dll (00007FFDB1560000), size: 110592 (result: 0), SymType: '-deferred-', PDB: '', fileVersion: 10.0.26100.7309
C:\WINDOWS\system32\uxtheme.dll:uxtheme.dll (00007FFDAF600000), size: 700416 (result: 0), SymType: '-deferred-', PDB: '', fileVersion: 10.0.26100.7309
C:\WINDOWS\SYSTEM32\windows.storage.dll:windows.storage.dll (00007FFDB0380000), size: 8773632 (result: 0), SymType: '-deferred-', PDB: '', fileVersion: 10.0.26100.7623
C:\WINDOWS\System32\SHCORE.dll:SHCORE.dll (00007FFDB5350000), size: 1003520 (result: 0), SymType: '-deferred-', PDB: '', fileVersion: 10.0.26100.7623
C:\WINDOWS\SYSTEM32\profapi.dll:profapi.dll (00007FFDB26D0000), size: 167936 (result: 0), SymType: '-deferred-', PDB: '', fileVersion: 10.0.26100.7309
C:\WINDOWS\System32\clbcatq.dll:clbcatq.dll (00007FFDB3FA0000), size: 720896 (result: 8), SymType: '-unknown-', PDB: '', fileVersion: 2001.12.10941.16384
C:\WINDOWS\SYSTEM32\CRYPTSP.dll:CRYPTSP.dll (00007FFDB1DA0000), size: 110592 (result: 0), SymType: '-deferred-', PDB: '', fileVersion: 10.0.26100.7623
C:\WINDOWS\system32\IconCodecService.dll:IconCodecService.dll (00007FFD79630000), size: 45056 (result: 0), SymType: '-deferred-', PDB: '', fileVersion: 10.0.26100.1
C:\WINDOWS\system32\wbem\wbemprox.dll:wbemprox.dll (00007FFDA5560000), size: 73728 (result: 8), SymType: '-unknown-', PDB: '', fileVersion: 10.0.26100.7019
C:\WINDOWS\SYSTEM32\wbemcomn.dll:wbemcomn.dll (00007FFD9AD90000), size: 499712 (result: 0), SymType: '-deferred-', PDB: '', fileVersion: 10.0.26100.7019
C:\WINDOWS\system32\rsaenh.dll:rsaenh.dll (00007FFDB14C0000), size: 237568 (result: 0), SymType: '-deferred-', PDB: '', fileVersion: 10.0.26100.7019
C:\WINDOWS\SYSTEM32\WindowsCodecs.dll:WindowsCodecs.dll (00007FFDADC60000), size: 2293760 (result: 0), SymType: '-deferred-', PDB: '', fileVersion: 10.0.26100.7623
C:\WINDOWS\SYSTEM32\CRYPTBASE.dll:CRYPTBASE.dll (00007FFDB1D90000), size: 49152 (result: 0), SymType: '-deferred-', PDB: '', fileVersion: 10.0.26100.7623
C:\WINDOWS\System32\imagehlp.dll:imagehlp.dll (00007FFDB4790000), size: 131072 (result: 0), SymType: '-deferred-', PDB: '', fileVersion: 10.0.26100.4202
C:\WINDOWS\System32\netprofm.dll:netprofm.dll (00007FFDABF80000), size: 458752 (result: 0), SymType: '-deferred-', PDB: '', fileVersion: 10.0.26100.7309
C:\WINDOWS\system32\wbem\wbemsvc.dll:wbemsvc.dll (00007FFD99330000), size: 86016 (result: 8), SymType: '-unknown-', PDB: '', fileVersion: 10.0.26100.7019
C:\WINDOWS\System32\npmproxy.dll:npmproxy.dll (00007FFDAA3C0000), size: 102400 (result: 8), SymType: '-unknown-', PDB: '', fileVersion: 10.0.26100.7309
C:\WINDOWS\system32\wbem\fastprox.dll:fastprox.dll (00007FFD99460000), size: 991232 (result: 8), SymType: '-unknown-', PDB: '', fileVersion: 10.0.26100.7309
C:\WINDOWS\SYSTEM32\amsi.dll:amsi.dll (00007FFD94C40000), size: 118784 (result: 8), SymType: '-unknown-', PDB: '', fileVersion: 10.0.26100.7309
C:\WINDOWS\SYSTEM32\USERENV.dll:USERENV.dll (00007FFDB1B80000), size: 176128 (result: 8), SymType: '-unknown-', PDB: '', fileVersion: 10.0.26100.7309
C:\ProgramData\Microsoft\Windows Defender\Platform\4.18.26010.4-0\MpOav.dll:MpOav.dll (00007FFD93A50000), size: 663552 (result: 0), SymType: '-deferred-', PDB: '', fileVersion: 4.18.26010.4
C:\WINDOWS\SYSTEM32\gpapi.dll:gpapi.dll (00007FFDB1B40000), size: 204800 (result: 0), SymType: '-deferred-', PDB: '', fileVersion: 10.0.26100.7309
C:\Windows\System32\cryptnet.dll:cryptnet.dll (00007FFDAB580000), size: 241664 (result: 0), SymType: '-deferred-', PDB: '', fileVersion: 10.0.26100.7309
C:\WINDOWS\SYSTEM32\WINNSI.DLL:WINNSI.DLL (00007FFDAF5E0000), size: 61440 (result: 0), SymType: '-deferred-', PDB: '', fileVersion: 10.0.26100.7623
C:\WINDOWS\System32\NSI.dll:NSI.dll (00007FFDB4770000), size: 40960 (result: 8), SymType: '-unknown-', PDB: '', fileVersion: 10.0.26100.7623
C:\WINDOWS\SYSTEM32\dhcpcsvc6.DLL:dhcpcsvc6.DLL (00007FFDAC8D0000), size: 122880 (result: 8), SymType: '-unknown-', PDB: '', fileVersion: 10.0.26100.7309

========== OUTPUTTING STACK TRACE ==================

SymInit: Symbol-SearchPath: 'C:/Program Files/Unity/Hub/Editor/6000.3.6f1/Editor/Data/Mono;.;D:\softwares\Unity\manual-override\manual-override;D:\softwares\Unity\manual-override\manual-override\Library\BurstCache\JIT;C:\Program Files\Unity\Hub\Editor\6000.3.6f1\Editor;C:\WINDOWS;C:\WINDOWS\system32;', symOptions: 534, UserName: 'Sarthak'
OS-Version: 10.0.0
C:\Program Files\Unity\Hub\Editor\6000.3.6f1\Editor\Unity.exe:Unity.exe (00007FF634A80000), size: 290816 (result: 0), SymType: '-nosymbols-', PDB: 'C:\Program Files\Unity\Hub\Editor\6000.3.6f1\Editor\Unity.exe', fileVersion: 6000.3.6.45072
C:\WINDOWS\SYSTEM32\ntdll.dll:ntdll.dll (00007FFDB5660000), size: 2519040 (result: 0), SymType: '-nosymbols-', PDB: 'C:\WINDOWS\SYSTEM32\ntdll.dll', fileVersion: 10.0.26100.7623
C:\WINDOWS\System32\KERNEL32.DLL:KERNEL32.DLL (00007FFDB38D0000), size: 823296 (result: 0), SymType: '-nosymbols-', PDB: 'C:\WINDOWS\System32\KERNEL32.DLL', fileVersion: 10.0.26100.7623
C:\WINDOWS\System32\KERNELBASE.dll:KERNELBASE.dll (00007FFDB2DF0000), size: 4124672 (result: 0), SymType: '-deferred-', PDB: '', fileVersion: 10.0.26100.7623
C:\WINDOWS\System32\USER32.dll:USER32.dll (00007FFDB3700000), size: 1855488 (result: 0), SymType: '-deferred-', PDB: '', fileVersion: 10.0.26100.7623
C:\WINDOWS\System32\win32u.dll:win32u.dll (00007FFDB33D0000), size: 159744 (result: 0), SymType: '-nosymbols-', PDB: 'C:\WINDOWS\System32\win32u.dll', fileVersion: 10.0.26100.7623
C:\WINDOWS\System32\GDI32.dll:GDI32.dll (00007FFDB55F0000), size: 176128 (result: 0), SymType: '-nosymbols-', PDB: 'C:\WINDOWS\System32\GDI32.dll', fileVersion: 10.0.26100.7309
C:\WINDOWS\System32\gdi32full.dll:gdi32full.dll (00007FFDB31F0000), size: 1228800 (result: 0), SymType: '-nosymbols-', PDB: 'C:\WINDOWS\System32\gdi32full.dll', fileVersion: 10.0.26100.7309
C:\WINDOWS\System32\msvcp_win.dll:msvcp_win.dll (00007FFDB3320000), size: 667648 (result: 0), SymType: '-nosymbols-', PDB: 'C:\WINDOWS\System32\msvcp_win.dll', fileVersion: 10.0.26100.7623
C:\WINDOWS\System32\ucrtbase.dll:ucrtbase.dll (00007FFDB2B30000), size: 1355776 (result: 0), SymType: '-nosymbols-', PDB: 'C:\WINDOWS\System32\ucrtbase.dll', fileVersion: 10.0.26100.7623
C:\WINDOWS\System32\IMM32.DLL:IMM32.DLL (00007FFDB3F60000), size: 200704 (result: 0), SymType: '-nosymbols-', PDB: 'C:\WINDOWS\System32\IMM32.DLL', fileVersion: 10.0.26100.7309
C:\Program Files\Unity\Hub\Editor\6000.3.6f1\Editor\Unity.dll:Unity.dll (00007FFCD7260000), size: 91770880 (result: 0), SymType: '-nosymbols-', PDB: 'C:\Program Files\Unity\Hub\Editor\6000.3.6f1\Editor\Unity.dll', fileVersion: 6000.3.6.45072
C:\WINDOWS\System32\CRYPT32.dll:CRYPT32.dll (00007FFDB29B0000), size: 1536000 (result: 0), SymType: '-exported-', PDB: 'C:\WINDOWS\System32\CRYPT32.dll', fileVersion: 10.0.26100.7309
C:\WINDOWS\System32\ADVAPI32.dll:ADVAPI32.dll (00007FFDB35C0000), size: 737280 (result: 0), SymType: '-exported-', PDB: 'C:\WINDOWS\System32\ADVAPI32.dll', fileVersion: 10.0.26100.7309
C:\WINDOWS\System32\msvcrt.dll:msvcrt.dll (00007FFDB3510000), size: 692224 (result: 0), SymType: '-nosymbols-', PDB: 'C:\WINDOWS\System32\msvcrt.dll', fileVersion: 7.0.26100.7623
C:\Program Files\Unity\Hub\Editor\6000.3.6f1\Editor\libfbxsdk.dll:libfbxsdk.dll (00007FFCDED80000), size: 8019968 (result: 0), SymType: '-nosymbols-', PDB: 'C:\Program Files\Unity\Hub\Editor\6000.3.6f1\Editor\libfbxsdk.dll', fileVersion: 2020.3.7.0
C:\WINDOWS\System32\sechost.dll:sechost.dll (00007FFDB4140000), size: 679936 (result: 0), SymType: '-nosymbols-', PDB: 'C:\WINDOWS\System32\sechost.dll', fileVersion: 10.0.26100.7623
C:\Program Files\Unity\Hub\Editor\6000.3.6f1\Editor\etccompress.dll:etccompress.dll (00007FFCECDC0000), size: 5070848 (result: 0), SymType: '-nosymbols-', PDB: 'C:\Program Files\Unity\Hub\Editor\6000.3.6f1\Editor\etccompress.dll'
C:\Program Files\Unity\Hub\Editor\6000.3.6f1\Editor\s3tcompress.dll:s3tcompress.dll (00007FFCEF250000), size: 180224 (result: 0), SymType: '-nosymbols-', PDB: 'C:\Program Files\Unity\Hub\Editor\6000.3.6f1\Editor\s3tcompress.dll'
C:\WINDOWS\System32\RPCRT4.dll:RPCRT4.dll (00007FFDB3D40000), size: 1146880 (result: 0), SymType: '-nosymbols-', PDB: 'C:\WINDOWS\System32\RPCRT4.dll', fileVersion: 10.0.26100.7623
C:\Program Files\Unity\Hub\Editor\6000.3.6f1\Editor\ispc_texcomp.dll:ispc_texcomp.dll (00007FFCEF090000), size: 1826816 (result: 0), SymType: '-nosymbols-', PDB: 'C:\Program Files\Unity\Hub\Editor\6000.3.6f1\Editor\ispc_texcomp.dll'
C:\Program Files\Unity\Hub\Editor\6000.3.6f1\Editor\compress_bc7e.dll:compress_bc7e.dll (00007FFCEEF30000), size: 1433600 (result: 0), SymType: '-nosymbols-', PDB: 'C:\Program Files\Unity\Hub\Editor\6000.3.6f1\Editor\compress_bc7e.dll'
C:\WINDOWS\System32\ole32.dll:ole32.dll (00007FFDB5450000), size: 1667072 (result: 0), SymType: '-nosymbols-', PDB: 'C:\WINDOWS\System32\ole32.dll', fileVersion: 10.0.26100.7462
C:\Program Files\Unity\Hub\Editor\6000.3.6f1\Editor\FreeImage.dll:FreeImage.dll (0000000180000000), size: 5783552 (result: 0), SymType: '-nosymbols-', PDB: 'C:\Program Files\Unity\Hub\Editor\6000.3.6f1\Editor\FreeImage.dll', fileVersion: 3.18.0.0
C:\WINDOWS\System32\WS2_32.dll:WS2_32.dll (00007FFDB4820000), size: 475136 (result: 0), SymType: '-nosymbols-', PDB: 'C:\WINDOWS\System32\WS2_32.dll', fileVersion: 10.0.26100.7623
C:\WINDOWS\System32\combase.dll:combase.dll (00007FFDB39A0000), size: 3694592 (result: 0), SymType: '-nosymbols-', PDB: 'C:\WINDOWS\System32\combase.dll', fileVersion: 10.0.26100.7623
C:\Program Files\Unity\Hub\Editor\6000.3.6f1\Editor\WinPixEventRuntime.dll:WinPixEventRuntime.dll (00007FFD73120000), size: 57344 (result: 0), SymType: '-nosymbols-', PDB: 'C:\Program Files\Unity\Hub\Editor\6000.3.6f1\Editor\WinPixEventRuntime.dll', fileVersion: 1.0.2403.8001
C:\Program Files\Unity\Hub\Editor\6000.3.6f1\Editor\umbraoptimizer64.dll:umbraoptimizer64.dll (00007FFCEEE00000), size: 1187840 (result: 0), SymType: '-nosymbols-', PDB: 'C:\Program Files\Unity\Hub\Editor\6000.3.6f1\Editor\umbraoptimizer64.dll'
C:\WINDOWS\System32\SETUPAPI.dll:SETUPAPI.dll (00007FFDB4250000), size: 4759552 (result: 0), SymType: '-nosymbols-', PDB: 'C:\WINDOWS\System32\SETUPAPI.dll', fileVersion: 10.0.26100.7309
C:\WINDOWS\System32\SHELL32.dll:SHELL32.dll (00007FFDB48A0000), size: 7680000 (result: 0), SymType: '-nosymbols-', PDB: 'C:\WINDOWS\System32\SHELL32.dll', fileVersion: 10.0.26100.7623
C:\WINDOWS\SYSTEM32\VCRUNTIME140.dll:VCRUNTIME140.dll (00007FFD8E3D0000), size: 122880 (result: 0), SymType: '-nosymbols-', PDB: 'C:\WINDOWS\SYSTEM32\VCRUNTIME140.dll', fileVersion: 14.44.35211.0
C:\WINDOWS\System32\wintypes.dll:wintypes.dll (00007FFDB2C80000), size: 1482752 (result: 0), SymType: '-nosymbols-', PDB: 'C:\WINDOWS\System32\wintypes.dll', fileVersion: 10.0.26100.7623
C:\WINDOWS\SYSTEM32\MSVCP140.dll:MSVCP140.dll (00007FFCEED70000), size: 561152 (result: 0), SymType: '-deferred-', PDB: '', fileVersion: 14.44.35211.0
C:\WINDOWS\System32\SHLWAPI.dll:SHLWAPI.dll (00007FFDB34A0000), size: 417792 (result: 0), SymType: '-nosymbols-', PDB: 'C:\WINDOWS\System32\SHLWAPI.dll', fileVersion: 10.0.26100.7309
C:\WINDOWS\SYSTEM32\VCRUNTIME140_1.dll:VCRUNTIME140_1.dll (00007FFD729C0000), size: 49152 (result: 0), SymType: '-nosymbols-', PDB: 'C:\WINDOWS\SYSTEM32\VCRUNTIME140_1.dll', fileVersion: 14.44.35211.0
C:\WINDOWS\System32\OLEAUT32.dll:OLEAUT32.dll (00007FFDB4060000), size: 876544 (result: 0), SymType: '-nosymbols-', PDB: 'C:\WINDOWS\System32\OLEAUT32.dll', fileVersion: 10.0.26100.7309
C:\WINDOWS\WinSxS\amd64_microsoft.windows.common-controls_6595b64144ccf1df_6.0.26100.7309_none_3e05feeae336a044\COMCTL32.dll:COMCTL32.dll (00007FFD90340000), size: 2699264 (result: 0), SymType: '-nosymbols-', PDB: 'C:\WINDOWS\WinSxS\amd64_microsoft.windows.common-controls_6595b64144ccf1df_6.0.26100.7309_none_3e05feeae336a044\COMCTL32.dll', fileVersion: 6.10.26100.7309
C:\WINDOWS\System32\WINTRUST.dll:WINTRUST.dll (00007FFDB27B0000), size: 524288 (result: 0), SymType: '-nosymbols-', PDB: 'C:\WINDOWS\System32\WINTRUST.dll', fileVersion: 10.0.26100.7309
C:\WINDOWS\SYSTEM32\bcrypt.dll:bcrypt.dll (00007FFDB26A0000), size: 172032 (result: 0), SymType: '-nosymbols-', PDB: 'C:\WINDOWS\SYSTEM32\bcrypt.dll', fileVersion: 10.0.26100.7623
C:\WINDOWS\SYSTEM32\d3d11.dll:d3d11.dll (00007FFDAE4E0000), size: 2498560 (result: 0), SymType: '-nosymbols-', PDB: 'C:\WINDOWS\SYSTEM32\d3d11.dll', fileVersion: 10.0.26100.7309
C:\WINDOWS\SYSTEM32\d3d12.dll:d3d12.dll (00007FFD30920000), size: 143360 (result: 0), SymType: '-nosymbols-', PDB: 'C:\WINDOWS\SYSTEM32\d3d12.dll', fileVersion: 10.0.26100.7309
C:\WINDOWS\SYSTEM32\dxgi.dll:dxgi.dll (00007FFDAF760000), size: 1290240 (result: 0), SymType: '-nosymbols-', PDB: 'C:\WINDOWS\SYSTEM32\dxgi.dll', fileVersion: 10.0.26100.7309
C:\WINDOWS\SYSTEM32\dwmapi.dll:dwmapi.dll (00007FFDAF8E0000), size: 196608 (result: 0), SymType: '-deferred-', PDB: '', fileVersion: 10.0.26100.7309
C:\WINDOWS\SYSTEM32\IPHLPAPI.DLL:IPHLPAPI.DLL (00007FFDB0FE0000), size: 212992 (result: 0), SymType: '-deferred-', PDB: '', fileVersion: 10.0.26100.7309
C:\WINDOWS\SYSTEM32\HID.DLL:HID.DLL (00007FFDB0BF0000), size: 61440 (result: 0), SymType: '-nosymbols-', PDB: 'C:\WINDOWS\SYSTEM32\HID.DLL', fileVersion: 10.0.26100.1150
C:\WINDOWS\SYSTEM32\OPENGL32.dll:OPENGL32.dll (00007FFD97330000), size: 1114112 (result: 0), SymType: '-nosymbols-', PDB: 'C:\WINDOWS\SYSTEM32\OPENGL32.dll', fileVersion: 10.0.26100.7309
C:\WINDOWS\SYSTEM32\WINHTTP.dll:WINHTTP.dll (00007FFDAB860000), size: 1212416 (result: 0), SymType: '-nosymbols-', PDB: 'C:\WINDOWS\SYSTEM32\WINHTTP.dll', fileVersion: 10.0.26100.7462
C:\WINDOWS\SYSTEM32\WINMM.dll:WINMM.dll (00007FFDA5A70000), size: 217088 (result: 0), SymType: '-nosymbols-', PDB: 'C:\WINDOWS\SYSTEM32\WINMM.dll', fileVersion: 10.0.26100.7309
C:\WINDOWS\SYSTEM32\GLU32.dll:GLU32.dll (00007FFD96940000), size: 184320 (result: 0), SymType: '-deferred-', PDB: '', fileVersion: 10.0.26100.1150
C:\Program Files\Unity\Hub\Editor\6000.3.6f1\Editor\SketchUpAPI.dll:SketchUpAPI.dll (00007FFCDE4E0000), size: 8990720 (result: 0), SymType: '-nosymbols-', PDB: 'C:\Program Files\Unity\Hub\Editor\6000.3.6f1\Editor\SketchUpAPI.dll', fileVersion: 23.0.0.0
C:\WINDOWS\SYSTEM32\VERSION.dll:VERSION.dll (00007FFDAC010000), size: 45056 (result: 0), SymType: '-nosymbols-', PDB: 'C:\WINDOWS\SYSTEM32\VERSION.dll', fileVersion: 10.0.26100.1150
C:\Program Files\Unity\Hub\Editor\6000.3.6f1\Editor\NativeProxyHelper.dll:NativeProxyHelper.dll (00007FFCEBC50000), size: 1789952 (result: 0), SymType: '-nosymbols-', PDB: 'C:\Program Files\Unity\Hub\Editor\6000.3.6f1\Editor\NativeProxyHelper.dll'
C:\WINDOWS\SYSTEM32\WSOCK32.dll:WSOCK32.dll (00007FFD8F420000), size: 40960 (result: 0), SymType: '-nosymbols-', PDB: 'C:\WINDOWS\SYSTEM32\WSOCK32.dll', fileVersion: 10.0.26100.1
C:\WINDOWS\SYSTEM32\powrprof.dll:powrprof.dll (00007FFDB2610000), size: 385024 (result: 0), SymType: '-nosymbols-', PDB: 'C:\WINDOWS\SYSTEM32\powrprof.dll', fileVersion: 10.0.26100.3912
C:\Program Files\Unity\Hub\Editor\6000.3.6f1\Editor\SketchUpCommonPreferences.dll:SketchUpCommonPreferences.dll (00007FFCEECF0000), size: 499712 (result: 0), SymType: '-nosymbols-', PDB: 'C:\Program Files\Unity\Hub\Editor\6000.3.6f1\Editor\SketchUpCommonPreferences.dll', fileVersion: 23.0.0.0
C:\WINDOWS\SYSTEM32\Secur32.dll:Secur32.dll (00007FFDAF4A0000), size: 53248 (result: 0), SymType: '-nosymbols-', PDB: 'C:\WINDOWS\SYSTEM32\Secur32.dll', fileVersion: 10.0.26100.1
C:\WINDOWS\SYSTEM32\dxcore.dll:dxcore.dll (00007FFDAF710000), size: 278528 (result: 0), SymType: '-nosymbols-', PDB: 'C:\WINDOWS\SYSTEM32\dxcore.dll', fileVersion: 10.0.26100.7309
C:\WINDOWS\SYSTEM32\SSPICLI.DLL:SSPICLI.DLL (00007FFDB1800000), size: 299008 (result: 0), SymType: '-nosymbols-', PDB: 'C:\WINDOWS\SYSTEM32\SSPICLI.DLL', fileVersion: 10.0.26100.7309
C:\Program Files\Unity\Hub\Editor\6000.3.6f1\Editor\OpenRL.dll:OpenRL.dll (000001EF2BD40000), size: 12779520 (result: 0), SymType: '-nosymbols-', PDB: 'C:\Program Files\Unity\Hub\Editor\6000.3.6f1\Editor\OpenRL.dll', fileVersion: 1.5.0.2907
C:\Program Files\Unity\Hub\Editor\6000.3.6f1\Editor\embree.dll:embree.dll (00007FFCDD4F0000), size: 16711680 (result: 0), SymType: '-nosymbols-', PDB: 'C:\Program Files\Unity\Hub\Editor\6000.3.6f1\Editor\embree.dll', fileVersion: 2.14.0.0
C:\WINDOWS\SYSTEM32\MSVCP100.dll:MSVCP100.dll (0000000074660000), size: 622592 (result: 0), SymType: '-nosymbols-', PDB: 'C:\WINDOWS\SYSTEM32\MSVCP100.dll', fileVersion: 10.0.40219.325
C:\WINDOWS\SYSTEM32\MSVCR100.dll:MSVCR100.dll (0000000074580000), size: 860160 (result: 0), SymType: '-nosymbols-', PDB: 'C:\WINDOWS\SYSTEM32\MSVCR100.dll', fileVersion: 10.0.40219.325
C:\Program Files\Unity\Hub\Editor\6000.3.6f1\Editor\tbb.dll:tbb.dll (00007FFCEECA0000), size: 303104 (result: 0), SymType: '-nosymbols-', PDB: 'C:\Program Files\Unity\Hub\Editor\6000.3.6f1\Editor\tbb.dll', fileVersion: 2020.3.2022.1111
C:\WINDOWS\SYSTEM32\cfgmgr32.DLL:cfgmgr32.DLL (00007FFDB2340000), size: 356352 (result: 0), SymType: '-nosymbols-', PDB: 'C:\WINDOWS\SYSTEM32\cfgmgr32.DLL', fileVersion: 10.0.26100.7309
C:\WINDOWS\SYSTEM32\MSWSOCK.DLL:MSWSOCK.DLL (00007FFDB1AD0000), size: 438272 (result: 0), SymType: '-nosymbols-', PDB: 'C:\WINDOWS\SYSTEM32\MSWSOCK.DLL', fileVersion: 10.0.26100.7309
C:\Program Files\Unity\Hub\Editor\6000.3.6f1\Editor\OpenRL_pthread.dll:OpenRL_pthread.dll (000001EF2A680000), size: 61440 (result: 0), SymType: '-nosymbols-', PDB: 'C:\Program Files\Unity\Hub\Editor\6000.3.6f1\Editor\OpenRL_pthread.dll', fileVersion: 2.9.0.0
C:\WINDOWS\SYSTEM32\UMPDC.dll:UMPDC.dll (00007FFDB25F0000), size: 81920 (result: 0), SymType: '-nosymbols-', PDB: 'C:\WINDOWS\SYSTEM32\UMPDC.dll', fileVersion: 10.0.26100.7019
C:\WINDOWS\SYSTEM32\MSASN1.dll:MSASN1.dll (00007FFDB1E00000), size: 77824 (result: 0), SymType: '-nosymbols-', PDB: 'C:\WINDOWS\SYSTEM32\MSASN1.dll', fileVersion: 10.0.26100.7623
C:\WINDOWS\System32\bcryptprimitives.dll:bcryptprimitives.dll (00007FFDB2840000), size: 675840 (result: 0), SymType: '-nosymbols-', PDB: 'C:\WINDOWS\System32\bcryptprimitives.dll', fileVersion: 10.0.26100.7623
C:\WINDOWS\SYSTEM32\kernel.appcore.dll:kernel.appcore.dll (00007FFDB1560000), size: 110592 (result: 0), SymType: '-nosymbols-', PDB: 'C:\WINDOWS\SYSTEM32\kernel.appcore.dll', fileVersion: 10.0.26100.7309
C:\WINDOWS\system32\uxtheme.dll:uxtheme.dll (00007FFDAF600000), size: 700416 (result: 0), SymType: '-nosymbols-', PDB: 'C:\WINDOWS\system32\uxtheme.dll', fileVersion: 10.0.26100.7309
C:\WINDOWS\SYSTEM32\windows.storage.dll:windows.storage.dll (00007FFDB0380000), size: 8773632 (result: 0), SymType: '-nosymbols-', PDB: 'C:\WINDOWS\SYSTEM32\windows.storage.dll', fileVersion: 10.0.26100.7623
C:\WINDOWS\System32\SHCORE.dll:SHCORE.dll (00007FFDB5350000), size: 1003520 (result: 0), SymType: '-nosymbols-', PDB: 'C:\WINDOWS\System32\SHCORE.dll', fileVersion: 10.0.26100.7623
C:\WINDOWS\SYSTEM32\profapi.dll:profapi.dll (00007FFDB26D0000), size: 167936 (result: 0), SymType: '-nosymbols-', PDB: 'C:\WINDOWS\SYSTEM32\profapi.dll', fileVersion: 10.0.26100.7309
C:\WINDOWS\System32\clbcatq.dll:clbcatq.dll (00007FFDB3FA0000), size: 720896 (result: 0), SymType: '-deferred-', PDB: '', fileVersion: 2001.12.10941.16384
C:\WINDOWS\SYSTEM32\CRYPTSP.dll:CRYPTSP.dll (00007FFDB1DA0000), size: 110592 (result: 0), SymType: '-nosymbols-', PDB: 'C:\WINDOWS\SYSTEM32\CRYPTSP.dll', fileVersion: 10.0.26100.7623
C:\WINDOWS\system32\IconCodecService.dll:IconCodecService.dll (00007FFD79630000), size: 45056 (result: 0), SymType: '-nosymbols-', PDB: 'C:\WINDOWS\system32\IconCodecService.dll', fileVersion: 10.0.26100.1
C:\WINDOWS\system32\wbem\wbemprox.dll:wbemprox.dll (00007FFDA5560000), size: 73728 (result: 0), SymType: '-deferred-', PDB: '', fileVersion: 10.0.26100.7019
C:\WINDOWS\SYSTEM32\wbemcomn.dll:wbemcomn.dll (00007FFD9AD90000), size: 499712 (result: 0), SymType: '-nosymbols-', PDB: 'C:\WINDOWS\SYSTEM32\wbemcomn.dll', fileVersion: 10.0.26100.7019
C:\WINDOWS\system32\rsaenh.dll:rsaenh.dll (00007FFDB14C0000), size: 237568 (result: 0), SymType: '-nosymbols-', PDB: 'C:\WINDOWS\system32\rsaenh.dll', fileVersion: 10.0.26100.7019
C:\WINDOWS\SYSTEM32\WindowsCodecs.dll:WindowsCodecs.dll (00007FFDADC60000), size: 2293760 (result: 0), SymType: '-nosymbols-', PDB: 'C:\WINDOWS\SYSTEM32\WindowsCodecs.dll', fileVersion: 10.0.26100.7623
C:\WINDOWS\SYSTEM32\CRYPTBASE.dll:CRYPTBASE.dll (00007FFDB1D90000), size: 49152 (result: 0), SymType: '-nosymbols-', PDB: 'C:\WINDOWS\SYSTEM32\CRYPTBASE.dll', fileVersion: 10.0.26100.7623
C:\WINDOWS\System32\imagehlp.dll:imagehlp.dll (00007FFDB4790000), size: 131072 (result: 0), SymType: '-nosymbols-', PDB: 'C:\WINDOWS\System32\imagehlp.dll', fileVersion: 10.0.26100.4202
C:\WINDOWS\System32\netprofm.dll:netprofm.dll (00007FFDABF80000), size: 458752 (result: 0), SymType: '-nosymbols-', PDB: 'C:\WINDOWS\System32\netprofm.dll', fileVersion: 10.0.26100.7309
C:\WINDOWS\system32\wbem\wbemsvc.dll:wbemsvc.dll (00007FFD99330000), size: 86016 (result: 0), SymType: '-deferred-', PDB: '', fileVersion: 10.0.26100.7019
C:\WINDOWS\System32\npmproxy.dll:npmproxy.dll (00007FFDAA3C0000), size: 102400 (result: 0), SymType: '-deferred-', PDB: '', fileVersion: 10.0.26100.7309
C:\WINDOWS\system32\wbem\fastprox.dll:fastprox.dll (00007FFD99460000), size: 991232 (result: 0), SymType: '-deferred-', PDB: '', fileVersion: 10.0.26100.7309
C:\WINDOWS\SYSTEM32\amsi.dll:amsi.dll (00007FFD94C40000), size: 118784 (result: 0), SymType: '-deferred-', PDB: '', fileVersion: 10.0.26100.7309
C:\WINDOWS\SYSTEM32\USERENV.dll:USERENV.dll (00007FFDB1B80000), size: 176128 (result: 0), SymType: '-deferred-', PDB: '', fileVersion: 10.0.26100.7309
C:\ProgramData\Microsoft\Windows Defender\Platform\4.18.26010.4-0\MpOav.dll:MpOav.dll (00007FFD93A50000), size: 663552 (result: 0), SymType: '-nosymbols-', PDB: 'C:\ProgramData\Microsoft\Windows Defender\Platform\4.18.26010.4-0\MpOav.dll', fileVersion: 4.18.26010.4
C:\WINDOWS\SYSTEM32\gpapi.dll:gpapi.dll (00007FFDB1B40000), size: 204800 (result: 0), SymType: '-nosymbols-', PDB: 'C:\WINDOWS\SYSTEM32\gpapi.dll', fileVersion: 10.0.26100.7309
C:\Windows\System32\cryptnet.dll:cryptnet.dll (00007FFDAB580000), size: 241664 (result: 0), SymType: '-nosymbols-', PDB: 'C:\Windows\System32\cryptnet.dll', fileVersion: 10.0.26100.7309
C:\WINDOWS\SYSTEM32\WINNSI.DLL:WINNSI.DLL (00007FFDAF5E0000), size: 61440 (result: 0), SymType: '-nosymbols-', PDB: 'C:\WINDOWS\SYSTEM32\WINNSI.DLL', fileVersion: 10.0.26100.7623
C:\WINDOWS\System32\NSI.dll:NSI.dll (00007FFDB4770000), size: 40960 (result: 0), SymType: '-deferred-', PDB: '', fileVersion: 10.0.26100.7623
C:\WINDOWS\SYSTEM32\dhcpcsvc6.DLL:dhcpcsvc6.DLL (00007FFDAC8D0000), size: 122880 (result: 0), SymType: '-deferred-', PDB: '', fileVersion: 10.0.26100.7309
C:\WINDOWS\SYSTEM32\dhcpcsvc.DLL:dhcpcsvc.DLL (00007FFDAC850000), size: 143360 (result: 0), SymType: '-deferred-', PDB: '', fileVersion: 10.0.26100.7309
C:\WINDOWS\SYSTEM32\DNSAPI.dll:DNSAPI.dll (00007FFDB1020000), size: 1228800 (result: 0), SymType: '-deferred-', PDB: '', fileVersion: 10.0.26100.7309
C:\WINDOWS\system32\napinsp.dll:napinsp.dll (00007FFCFA590000), size: 98304 (result: 0), SymType: '-deferred-', PDB: '', fileVersion: 10.0.26100.1150
C:\WINDOWS\System32\winrnr.dll:winrnr.dll (00007FFCFA5B0000), size: 73728 (result: 0), SymType: '-deferred-', PDB: '', fileVersion: 10.0.26100.1882
C:\WINDOWS\system32\nlansp_c.dll:nlansp_c.dll (00007FFD8E6C0000), size: 139264 (result: 0), SymType: '-deferred-', PDB: '', fileVersion: 10.0.26100.7309
C:\WINDOWS\system32\wshbth.dll:wshbth.dll (00007FFD80D80000), size: 90112 (result: 8), SymType: '-unknown-', PDB: '', fileVersion: 10.0.26100.5074
  ERROR: LoadModule, GetLastError: 'Not enough memory resources are available to process this command.' (Address: 0000000000000000)
C:\WINDOWS\System32\fwpuclnt.dll:fwpuclnt.dll (00007FFDACB10000), size: 548864 (result: 8), SymType: '-unknown-', PDB: '', fileVersion: 10.0.26100.7623
  ERROR: LoadModule, GetLastError: 'Not enough memory resources are available to process this command.' (Address: 0000000000000000)
C:\Windows\System32\rasadhlp.dll:rasadhlp.dll (00007FFDAC000000), size: 45056 (result: 8), SymType: '-unknown-', PDB: '', fileVersion: 10.0.26100.7171
  ERROR: LoadModule, GetLastError: 'Not enough memory resources are available to process this command.' (Address: 0000000000000000)
C:\Program Files\Unity\Hub\Editor\6000.3.6f1\Editor\AMDUnityPlugin.DLL:AMDUnityPlugin.DLL (00007FFCD69F0000), size: 8843264 (result: 8), SymType: '-unknown-', PDB: ''
  ERROR: LoadModule, GetLastError: 'Not enough memory resources are available to process this command.' (Address: 0000000000000000)
C:\Program Files\Unity\Hub\Editor\6000.3.6f1\Editor\NVUnityPlugin.DLL:NVUnityPlugin.DLL (00007FFCE1090000), size: 1638400 (result: 0), SymType: '-deferred-', PDB: ''
C:\Program Files\Unity\Hub\Editor\6000.3.6f1\Editor\Data\Tools\astcenc-avx2.dll:astcenc-avx2.dll (00007FFCEBBF0000), size: 352256 (result: 8), SymType: '-unknown-', PDB: ''
  ERROR: LoadModule, GetLastError: 'Not enough memory resources are available to process this command.' (Address: 0000000000000000)
C:\WINDOWS\System32\MMDevApi.dll:MMDevApi.dll (00007FFDA5100000), size: 618496 (result: 8), SymType: '-unknown-', PDB: '', fileVersion: 10.0.26100.7309
  ERROR: LoadModule, GetLastError: 'Not enough memory resources are available to process this command.' (Address: 0000000000000000)
C:\WINDOWS\System32\DEVOBJ.dll:DEVOBJ.dll (00007FFDB22F0000), size: 184320 (result: 0), SymType: '-deferred-', PDB: '', fileVersion: 10.0.26100.1150
C:\WINDOWS\SYSTEM32\directxdatabasehelper.dll:directxdatabasehelper.dll (00007FFDACBA0000), size: 405504 (result: 0), SymType: '-deferred-', PDB: '', fileVersion: 10.0.26100.7309
C:\WINDOWS\System32\DriverStore\FileRepository\nvlt.inf_amd64_862dc3c31be51f68\nvldumdx.dll:nvldumdx.dll (00007FFDAB790000), size: 802816 (result: 8), SymType: '-unknown-', PDB: '', fileVersion: 32.0.15.8104
  ERROR: LoadModule, GetLastError: 'Not enough memory resources are available to process this command.' (Address: 0000000000000000)
C:\WINDOWS\SYSTEM32\wldp.dll:wldp.dll (00007FFDB1E70000), size: 413696 (result: 8), SymType: '-unknown-', PDB: '', fileVersion: 10.0.26100.7309
  ERROR: LoadModule, GetLastError: 'Not enough memory resources are available to process this command.' (Address: 0000000000000000)
C:\WINDOWS\SYSTEM32\drvstore.dll:drvstore.dll (00007FFDAAF40000), size: 1552384 (result: 8), SymType: '-unknown-', PDB: '', fileVersion: 10.0.26100.7309
  ERROR: LoadModule, GetLastError: 'Not enough memory resources are available to process this command.' (Address: 0000000000000000)
C:\WINDOWS\System32\DriverStore\FileRepository\nvlt.inf_amd64_862dc3c31be51f68\nvgpucomp64.dll:nvgpucomp64.dll (00007FFDA6490000), size: 64565248 (result: 8), SymType: '-unknown-', PDB: '', fileVersion: 32.0.15.8104
  ERROR: LoadModule, GetLastError: 'Not enough memory resources are available to process this command.' (Address: 0000000000000000)
C:\WINDOWS\System32\DriverStore\FileRepository\nvlt.inf_amd64_862dc3c31be51f68\Display.NvContainer\NvMessageBus.dll:NvMessageBus.dll (00007FFD98DB0000), size: 3551232 (result: 8), SymType: '-unknown-', PDB: '', fileVersion: 3.15.3538.9611
  ERROR: LoadModule, GetLastError: 'Not enough memory resources are available to process this command.' (Address: 0000000000000000)
C:\WINDOWS\System32\DriverStore\FileRepository\nvlt.inf_amd64_862dc3c31be51f68\NvMemMapStoragex.dll:NvMemMapStoragex.dll (00007FFDA5AB0000), size: 909312 (result: 8), SymType: '-unknown-', PDB: ''
  ERROR: LoadModule, GetLastError: 'Not enough memory resources are available to process this command.' (Address: 0000000000000000)
C:\WINDOWS\System32\DriverStore\FileRepository\nvlt.inf_amd64_862dc3c31be51f68\nvwgf2umx.dll:nvwgf2umx.dll (00007FFD9F540000), size: 92487680 (result: 8), SymType: '-unknown-', PDB: '', fileVersion: 32.0.15.8104
  ERROR: LoadModule, GetLastError: 'Not enough memory resources are available to process this command.' (Address: 0000000000000000)
C:\WINDOWS\System32\DriverStore\FileRepository\nvlt.inf_amd64_862dc3c31be51f68\nvppex.dll:nvppex.dll (00007FFD93680000), size: 1798144 (result: 8), SymType: '-unknown-', PDB: '', fileVersion: 32.0.15.8104
  ERROR: LoadModule, GetLastError: 'Not enough memory resources are available to process this command.' (Address: 0000000000000000)
C:\WINDOWS\SYSTEM32\opencl.dll:opencl.dll (00007FFD5BD00000), size: 483328 (result: 8), SymType: '-unknown-', PDB: '', fileVersion: 3.0.6.0
  ERROR: LoadModule, GetLastError: 'Not enough memory resources are available to process this command.' (Address: 0000000000000000)
C:\Program Files\Unity\Hub\Editor\6000.3.6f1\Editor\radeonrays.dll:radeonrays.dll (00007FFD5BCA0000), size: 344064 (result: 0), SymType: '-deferred-', PDB: ''
C:\Program Files\Unity\Hub\Editor\6000.3.6f1\Editor\Data\MonoBleedingEdge\EmbedRuntime\mono-2.0-bdwgc.dll:mono-2.0-bdwgc.dll (00007FFCD5230000), size: 10756096 (result: 0), SymType: '-deferred-', PDB: ''
C:\WINDOWS\SYSTEM32\dbghelp.dll:dbghelp.dll (00007FFDAFF60000), size: 2367488 (result: 8), SymType: '-unknown-', PDB: '', fileVersion: 10.0.26100.5074
  ERROR: LoadModule, GetLastError: 'Not enough memory resources are available to process this command.' (Address: 0000000000000000)
C:\WINDOWS\System32\psapi.dll:psapi.dll (00007FFDB3D30000), size: 32768 (result: 0), SymType: '-deferred-', PDB: '', fileVersion: 10.0.26100.1
  ERROR: SymGetSymFromAddr64, GetLastError: 'Attempt to access invalid address.' (Address: 00007FFCD9220F5D)
0x00007FFCD9220F5D (Unity) (function-name not available)
  ERROR: SymGetSymFromAddr64, GetLastError: 'Attempt to access invalid address.' (Address: 00007FFCD921FA35)
0x00007FFCD921FA35 (Unity) (function-name not available)
  ERROR: SymGetSymFromAddr64, GetLastError: 'Attempt to access invalid address.' (Address: 00007FFCD921EFCD)
0x00007FFCD921EFCD (Unity) (function-name not available)
  ERROR: SymGetSymFromAddr64, GetLastError: 'Attempt to access invalid address.' (Address: 00007FFCD921FFE0)
0x00007FFCD921FFE0 (Unity) (function-name not available)
  ERROR: SymGetSymFromAddr64, GetLastError: 'Attempt to access invalid address.' (Address: 00007FFCD922C78E)
0x00007FFCD922C78E (Unity) (function-name not available)
  ERROR: SymGetSymFromAddr64, GetLastError: 'Attempt to access invalid address.' (Address: 00007FFCD732AB3D)
0x00007FFCD732AB3D (Unity) (function-name not available)
  ERROR: SymGetSymFromAddr64, GetLastError: 'Attempt to access invalid address.' (Address: 00007FFCD732A9D6)
0x00007FFCD732A9D6 (Unity) (function-name not available)
  ERROR: SymGetSymFromAddr64, GetLastError: 'Attempt to access invalid address.' (Address: 00007FFCD816294A)
0x00007FFCD816294A (Unity) (function-name not available)
  ERROR: SymGetSymFromAddr64, GetLastError: 'Attempt to access invalid address.' (Address: 00007FFCD816219B)
0x00007FFCD816219B (Unity) (function-name not available)
  ERROR: SymGetSymFromAddr64, GetLastError: 'Attempt to access invalid address.' (Address: 00007FFCD8161FCB)
0x00007FFCD8161FCB (Unity) (function-name not available)
  ERROR: SymGetSymFromAddr64, GetLastError: 'Attempt to access invalid address.' (Address: 00007FFCD8161509)
0x00007FFCD8161509 (Unity) (function-name not available)
  ERROR: SymGetSymFromAddr64, GetLastError: 'Attempt to access invalid address.' (Address: 00007FFCD816429E)
0x00007FFCD816429E (Unity) (function-name not available)
  ERROR: SymGetSymFromAddr64, GetLastError: 'Attempt to access invalid address.' (Address: 00007FFCD8E95D23)
0x00007FFCD8E95D23 (Unity) (function-name not available)
  ERROR: SymGetSymFromAddr64, GetLastError: 'Attempt to access invalid address.' (Address: 00007FFCDA195FBC)
0x00007FFCDA195FBC (Unity) (function-name not available)
  ERROR: SymGetSymFromAddr64, GetLastError: 'Attempt to access invalid address.' (Address: 00007FFCDA1BBDAD)
0x00007FFCDA1BBDAD (Unity) (function-name not available)
  ERROR: SymGetSymFromAddr64, GetLastError: 'Attempt to access invalid address.' (Address: 00007FFCDA1F9FFF)
0x00007FFCDA1F9FFF (Unity) (function-name not available)
  ERROR: SymGetSymFromAddr64, GetLastError: 'Attempt to access invalid address.' (Address: 00007FFCDA1E78F1)
0x00007FFCDA1E78F1 (Unity) (function-name not available)
  ERROR: SymGetSymFromAddr64, GetLastError: 'Attempt to access invalid address.' (Address: 00007FFCDA1E8ADE)
0x00007FFCDA1E8ADE (Unity) (function-name not available)
  ERROR: SymGetSymFromAddr64, GetLastError: 'Attempt to access invalid address.' (Address: 00007FFCDA1F8669)
0x00007FFCDA1F8669 (Unity) (function-name not available)
  ERROR: SymGetSymFromAddr64, GetLastError: 'Attempt to access invalid address.' (Address: 00007FFCDA1CB22F)
0x00007FFCDA1CB22F (Unity) (function-name not available)
  ERROR: SymGetSymFromAddr64, GetLastError: 'Attempt to access invalid address.' (Address: 00007FFCDA18F438)
0x00007FFCDA18F438 (Unity) (function-name not available)
  ERROR: SymGetSymFromAddr64, GetLastError: 'Attempt to access invalid address.' (Address: 00007FFCDA18F4AB)
0x00007FFCDA18F4AB (Unity) (function-name not available)
  ERROR: SymGetSymFromAddr64, GetLastError: 'Attempt to access invalid address.' (Address: 00007FFCD8A742BF)
0x00007FFCD8A742BF (Unity) (function-name not available)
  ERROR: SymGetSymFromAddr64, GetLastError: 'Attempt to access invalid address.' (Address: 00007FFCD8869C13)
0x00007FFCD8869C13 (Unity) (function-name not available)
  ERROR: SymGetSymFromAddr64, GetLastError: 'Attempt to access invalid address.' (Address: 00007FF634A82F2A)
0x00007FF634A82F2A (Unity) (function-name not available)
  ERROR: SymGetSymFromAddr64, GetLastError: 'Attempt to access invalid address.' (Address: 00007FFDB38FE8D7)
0x00007FFDB38FE8D7 (KERNEL32) (function-name not available)
  ERROR: SymGetSymFromAddr64, GetLastError: 'Attempt to access invalid address.' (Address: 00007FFDB56EC53C)
0x00007FFDB56EC53C (ntdll) (function-name not available)

========== END OF STACKTRACE ===========

A crash has been intercepted by the crash handler. For call stack and other details, see the latest crash report generated in:
 * C:/Users/Sarthak/AppData/Local/Temp/Unity/Editor/Crashes
